\BOOKMARK [1][-]{section.1}{\376\377\000I\000n\000t\000r\000o\000d\000u\000c\000t\000i\000o\000n}{}% 1
\BOOKMARK [1][-]{section.2}{\376\377\000O\000b\000j\000e\000c\000t\000\040\000D\000e\000t\000e\000c\000t\000i\000o\000n\000\040\000A\000l\000g\000o\000r\000i\000t\000h\000m\000s}{}% 2
\BOOKMARK [1][-]{section.3}{\376\377\000F\000u\000n\000d\000a\000m\000e\000n\000t\000a\000l\000s\000\040\000o\000f\000\040\000C\000o\000r\000r\000e\000l\000a\000t\000i\000o\000n\000-\000B\000a\000s\000e\000d\000\040\000T\000r\000a\000c\000k\000i\000n\000g}{}% 3
\BOOKMARK [2][-]{subsection.3.1}{\376\377\000C\000S\000R\000T\000\040\000A\000l\000g\000o\000r\000i\000t\000h\000m}{section.3}% 4
\BOOKMARK [2][-]{subsection.3.2}{\376\377\000M\000O\000S\000S\000E\000\040\000A\000l\000g\000o\000r\000i\000t\000h\000m}{section.3}% 5
\BOOKMARK [2][-]{subsection.3.3}{\376\377\000K\000C\000F\000\040\000A\000l\000g\000o\000r\000i\000t\000h\000m\000\040\000\050\000K\000e\000r\000n\000e\000l\000i\000z\000e\000d\000\040\000C\000o\000r\000r\000e\000l\000a\000t\000i\000o\000n\000\040\000F\000i\000l\000t\000e\000r\000s\000\051}{section.3}% 6
\BOOKMARK [1][-]{section.4}{\376\377\000S\000y\000s\000t\000e\000m\000\040\000I\000m\000p\000l\000e\000m\000e\000n\000t\000a\000t\000i\000o\000n\000\040\000a\000n\000d\000\040\000B\000a\000s\000e\000l\000i\000n\000e\000\040\000A\000n\000a\000l\000y\000s\000i\000s}{}% 7
\BOOKMARK [2][-]{subsection.4.1}{\376\377\000P\000h\000a\000s\000e\000\040\0001\000:\000\040\000F\000o\000u\000n\000d\000a\000t\000i\000o\000n\000a\000l\000\040\000F\000r\000a\000m\000e\000w\000o\000r\000k}{section.4}% 8
\BOOKMARK [3][-]{subsubsection.4.1.1}{\376\377\000C\000o\000n\000f\000i\000g\000u\000r\000a\000t\000i\000o\000n\000\040\000P\000a\000r\000a\000m\000e\000t\000e\000r\000s}{subsection.4.1}% 9
\BOOKMARK [3][-]{subsubsection.4.1.2}{\376\377\000H\000e\000l\000p\000e\000r\000\040\000F\000u\000n\000c\000t\000i\000o\000n\000s}{subsection.4.1}% 10
\BOOKMARK [2][-]{subsection.4.2}{\376\377\000I\000n\000i\000t\000i\000a\000l\000\040\000O\000b\000j\000e\000c\000t\000\040\000D\000e\000t\000e\000c\000t\000i\000o\000n\000\040\000u\000s\000i\000n\000g\000\040\000Y\000O\000L\000O\000v\0008}{section.4}% 11
\BOOKMARK [2][-]{subsection.4.3}{\376\377\000C\000o\000r\000e\000\040\000T\000r\000a\000c\000k\000i\000n\000g\000\040\000w\000i\000t\000h\000\040\000O\000p\000e\000n\000C\000V\000\040\000L\000i\000b\000r\000a\000r\000y\000\040\000T\000r\000a\000c\000k\000e\000r\000s}{section.4}% 12
\BOOKMARK [2][-]{subsection.4.4}{\376\377\000C\000o\000m\000p\000a\000r\000a\000t\000i\000v\000e\000\040\000A\000n\000a\000l\000y\000s\000i\000s\000\040\000o\000f\000\040\000B\000a\000s\000e\000l\000i\000n\000e\000\040\000T\000r\000a\000c\000k\000e\000r\000s}{section.4}% 13
\BOOKMARK [2][-]{subsection.4.5}{\376\377\000A\000n\000a\000l\000y\000s\000i\000s\000\040\000o\000f\000\040\000D\000e\000t\000e\000c\000t\000i\000o\000n\000\040\000M\000o\000d\000e\000l\000s\000\040\000\050\000Y\000O\000L\000O\000v\0008\000\040\000v\000s\000.\000\040\000o\000t\000h\000e\000r\000s\000\051}{section.4}% 14
\BOOKMARK [2][-]{subsection.4.6}{\376\377\000A\000d\000v\000a\000n\000c\000e\000d\000\040\000H\000y\000b\000r\000i\000d\000\040\000T\000r\000a\000c\000k\000i\000n\000g\000\040\000a\000n\000d\000\040\000R\000e\000-\000a\000c\000q\000u\000i\000s\000i\000t\000i\000o\000n}{section.4}% 15
\BOOKMARK [1][-]{section.5}{\376\377\000P\000r\000o\000p\000o\000s\000e\000d\000\040\000C\000u\000s\000t\000o\000m\000\040\000T\000r\000a\000c\000k\000i\000n\000g\000\040\000A\000l\000g\000o\000r\000i\000t\000h\000m\000:\000\040\000K\000L\000T\000-\000K\000F}{}% 16
\BOOKMARK [2][-]{subsection.5.1}{\376\377\000C\000l\000a\000s\000s\000\040\000I\000n\000i\000t\000i\000a\000l\000i\000z\000a\000t\000i\000o\000n\000\040\000a\000n\000d\000\040\000S\000t\000a\000t\000e\000\040\000R\000e\000p\000r\000e\000s\000e\000n\000t\000a\000t\000i\000o\000n}{section.5}% 17
\BOOKMARK [3][-]{subsubsection.5.1.1}{\376\377\000C\000o\000r\000e\000\040\000C\000o\000m\000p\000o\000n\000e\000n\000t\000s}{subsection.5.1}% 18
\BOOKMARK [3][-]{subsubsection.5.1.2}{\376\377\000I\000n\000n\000o\000v\000a\000t\000i\000o\000n\000:\000\040\0008\000-\000D\000i\000m\000e\000n\000s\000i\000o\000n\000a\000l\000\040\000K\000a\000l\000m\000a\000n\000\040\000F\000i\000l\000t\000e\000r\000\040\000f\000o\000r\000\040\000S\000t\000a\000t\000e\000\040\000E\000s\000t\000i\000m\000a\000t\000i\000o\000n}{subsection.5.1}% 19
\BOOKMARK [2][-]{subsection.5.2}{\376\377\000I\000n\000n\000o\000v\000a\000t\000i\000o\000n\000:\000\040\000A\000d\000a\000p\000t\000i\000v\000e\000\040\000T\000r\000a\000c\000k\000i\000n\000g\000\040\000M\000o\000d\000e\000s}{section.5}% 20
\BOOKMARK [2][-]{subsection.5.3}{\376\377\000T\000r\000a\000c\000k\000e\000r\000\040\000I\000n\000i\000t\000i\000a\000l\000i\000z\000a\000t\000i\000o\000n\000\040\000a\000n\000d\000\040\000F\000e\000a\000t\000u\000r\000e\000\040\000S\000e\000e\000d\000i\000n\000g}{section.5}% 21
\BOOKMARK [3][-]{subsubsection.5.3.1}{\376\377\000I\000n\000n\000o\000v\000a\000t\000i\000o\000n\000:\000\040\000M\000u\000l\000t\000i\000-\000R\000e\000g\000i\000o\000n\000\040\000H\000i\000e\000r\000a\000r\000c\000h\000i\000c\000a\000l\000\040\000F\000e\000a\000t\000u\000r\000e\000\040\000S\000e\000e\000d\000i\000n\000g}{subsection.5.3}% 22
\BOOKMARK [2][-]{subsection.5.4}{\376\377\000T\000h\000e\000\040\000T\000r\000a\000c\000k\000i\000n\000g\000\040\000U\000p\000d\000a\000t\000e\000\040\000C\000y\000c\000l\000e}{section.5}% 23
\BOOKMARK [2][-]{subsection.5.5}{\376\377\000F\000u\000l\000f\000i\000l\000l\000i\000n\000g\000\040\000P\000r\000o\000j\000e\000c\000t\000\040\000R\000e\000q\000u\000i\000r\000e\000m\000e\000n\000t\000s}{section.5}% 24
\BOOKMARK [1][-]{section.6}{\376\377\000S\000y\000s\000t\000e\000m\000\040\000O\000r\000c\000h\000e\000s\000t\000r\000a\000t\000i\000o\000n\000\040\000a\000n\000d\000\040\000A\000d\000v\000a\000n\000c\000e\000d\000\040\000L\000o\000g\000i\000c}{}% 25
\BOOKMARK [2][-]{subsection.6.1}{\376\377\000S\000y\000s\000t\000e\000m\000\040\000A\000r\000c\000h\000i\000t\000e\000c\000t\000u\000r\000e\000\040\000a\000n\000d\000\040\000C\000o\000n\000f\000i\000g\000u\000r\000a\000t\000i\000o\000n}{section.6}% 26
\BOOKMARK [3][-]{subsubsection.6.1.1}{\376\377\000I\000n\000n\000o\000v\000a\000t\000i\000o\000n\000:\000\040\000O\000b\000j\000e\000c\000t\000-\000S\000p\000e\000c\000i\000f\000i\000c\000\040\000P\000r\000e\000s\000e\000t\000s}{subsection.6.1}% 27
\BOOKMARK [3][-]{subsubsection.6.1.2}{\376\377\000C\000o\000m\000m\000a\000n\000d\000-\000L\000i\000n\000e\000\040\000I\000n\000t\000e\000r\000f\000a\000c\000e}{subsection.6.1}% 28
\BOOKMARK [2][-]{subsection.6.2}{\376\377\000I\000n\000i\000t\000i\000a\000l\000\040\000T\000a\000r\000g\000e\000t\000\040\000A\000c\000q\000u\000i\000s\000i\000t\000i\000o\000n}{section.6}% 29
\BOOKMARK [2][-]{subsection.6.3}{\376\377\000I\000n\000n\000o\000v\000a\000t\000i\000o\000n\000:\000\040\000S\000e\000l\000f\000-\000C\000o\000r\000r\000e\000c\000t\000i\000n\000g\000\040\000a\000n\000d\000\040\000D\000u\000a\000l\000-\000T\000r\000a\000c\000k\000e\000r\000\040\000A\000r\000c\000h\000i\000t\000e\000c\000t\000u\000r\000e}{section.6}% 30
\BOOKMARK [2][-]{subsection.6.4}{\376\377\000I\000n\000n\000o\000v\000a\000t\000i\000o\000n\000:\000\040\000O\000b\000j\000e\000c\000t\000\040\000R\000e\000-\000I\000d\000e\000n\000t\000i\000f\000i\000c\000a\000t\000i\000o\000n\000\040\000f\000o\000r\000\040\000R\000e\000-\000e\000n\000t\000r\000y}{section.6}% 31
\BOOKMARK [2][-]{subsection.6.5}{\376\377\000I\000n\000n\000o\000v\000a\000t\000i\000o\000n\000:\000\040\000T\000h\000e\000\040\000E\000x\000i\000t\000,\000\040\000R\000e\000-\000e\000n\000t\000r\000y\000,\000\040\000a\000n\000d\000\040\000V\000e\000r\000i\000f\000i\000c\000a\000t\000i\000o\000n\000\040\000L\000o\000o\000p}{section.6}% 32
\BOOKMARK [2][-]{subsection.6.6}{\376\377\000I\000n\000t\000e\000r\000a\000c\000t\000i\000v\000e\000\040\000C\000o\000n\000t\000r\000o\000l\000s\000\040\000a\000n\000d\000\040\000U\000s\000a\000b\000i\000l\000i\000t\000y}{section.6}% 33
\BOOKMARK [1][-]{section.7}{\376\377\000E\000x\000t\000e\000n\000s\000i\000o\000n\000:\000\040\000S\000i\000m\000u\000l\000t\000a\000n\000e\000o\000u\000s\000\040\000M\000u\000l\000t\000i\000-\000O\000b\000j\000e\000c\000t\000\040\000T\000r\000a\000c\000k\000i\000n\000g}{}% 34
\BOOKMARK [2][-]{subsection.7.1}{\376\377\000A\000r\000c\000h\000i\000t\000e\000c\000t\000u\000r\000a\000l\000\040\000D\000e\000s\000i\000g\000n\000:\000\040\000T\000h\000e\000\040\000T\000r\000a\000c\000k\000e\000r\000\040\000M\000a\000n\000a\000g\000e\000r}{section.7}% 35
\BOOKMARK [2][-]{subsection.7.2}{\376\377\000W\000o\000r\000k\000f\000l\000o\000w\000\040\000a\000n\000d\000\040\000I\000n\000t\000e\000g\000r\000a\000t\000i\000o\000n}{section.7}% 36
\BOOKMARK [3][-]{subsubsection.7.2.1}{\376\377\000I\000n\000i\000t\000i\000a\000l\000\040\000B\000a\000t\000c\000h\000\040\000D\000e\000t\000e\000c\000t\000i\000o\000n}{subsection.7.2}% 37
\BOOKMARK [3][-]{subsubsection.7.2.2}{\376\377\000S\000i\000m\000p\000l\000i\000f\000i\000e\000d\000\040\000M\000a\000i\000n\000\040\000L\000o\000o\000p}{subsection.7.2}% 38
\BOOKMARK [2][-]{subsection.7.3}{\376\377\000A\000n\000a\000l\000y\000s\000i\000s\000\040\000o\000f\000\040\000M\000u\000l\000t\000i\000-\000T\000r\000a\000c\000k\000i\000n\000g\000\040\000P\000e\000r\000f\000o\000r\000m\000a\000n\000c\000e}{section.7}% 39
\BOOKMARK [1][-]{section.8}{\376\377\000E\000x\000p\000e\000r\000i\000m\000e\000n\000t\000a\000l\000\040\000R\000e\000s\000u\000l\000t\000s\000\040\000a\000n\000d\000\040\000A\000n\000a\000l\000y\000s\000i\000s}{}% 40
\BOOKMARK [2][-]{subsection.8.1}{\376\377\000E\000x\000p\000e\000r\000i\000m\000e\000n\000t\000a\000l\000\040\000S\000e\000t\000u\000p}{section.8}% 41
\BOOKMARK [2][-]{subsection.8.2}{\376\377\000P\000e\000r\000f\000o\000r\000m\000a\000n\000c\000e\000\040\000M\000e\000t\000r\000i\000c\000s}{section.8}% 42
\BOOKMARK [2][-]{subsection.8.3}{\376\377\000C\000o\000m\000p\000a\000r\000a\000t\000i\000v\000e\000\040\000A\000n\000a\000l\000y\000s\000i\000s\000\040\000o\000f\000\040\000S\000i\000n\000g\000l\000e\000-\000O\000b\000j\000e\000c\000t\000\040\000T\000r\000a\000c\000k\000e\000r\000s}{section.8}% 43
\BOOKMARK [2][-]{subsection.8.4}{\376\377\000M\000u\000l\000t\000i\000-\000O\000b\000j\000e\000c\000t\000\040\000T\000r\000a\000c\000k\000i\000n\000g\000\040\000P\000e\000r\000f\000o\000r\000m\000a\000n\000c\000e}{section.8}% 44
\BOOKMARK [1][-]{section.9}{\376\377\000C\000o\000n\000c\000l\000u\000s\000i\000o\000n}{}% 45
